<?xml version="1.0" encoding="UTF-8"?>
<coverage generated="1696041448072" clover="3.2.0">
  <project timestamp="1696041448073" name="All files">
    <metrics statements="48" coveredstatements="34" conditionals="39" coveredconditionals="14" methods="18" coveredmethods="11" elements="105" coveredelements="59" complexity="0" loc="48" ncloc="48" packages="1" files="2" classes="2"/>
    <file name="scrape.js" path="/run/media/itsjiran/HDD 1 Terra Boys/Folder Gilang/Folder Project Karya/Project Coding/Folder Project/230928_WebscrapingBali/scrape.js">
      <metrics statements="24" coveredstatements="15" conditionals="22" coveredconditionals="6" methods="5" coveredmethods="3"/>
      <line num="2" count="1" type="stmt"/>
      <line num="8" count="2" type="cond" truecount="1" falsecount="1"/>
      <line num="9" count="2" type="stmt"/>
      <line num="11" count="2" type="stmt"/>
      <line num="15" count="2" type="stmt"/>
      <line num="24" count="2" type="cond" truecount="2" falsecount="2"/>
      <line num="25" count="2" type="cond" truecount="1" falsecount="1"/>
      <line num="27" count="2" type="stmt"/>
      <line num="29" count="2" type="cond" truecount="1" falsecount="1"/>
      <line num="30" count="0" type="stmt"/>
      <line num="32" count="2" type="stmt"/>
      <line num="34" count="2" type="stmt"/>
      <line num="39" count="2" type="stmt"/>
      <line num="41" count="2" type="stmt"/>
      <line num="45" count="0" type="stmt"/>
      <line num="46" count="0" type="stmt"/>
      <line num="49" count="2" type="stmt"/>
      <line num="52" count="0" type="cond" truecount="0" falsecount="4"/>
      <line num="53" count="0" type="cond" truecount="0" falsecount="2"/>
      <line num="55" count="0" type="stmt"/>
      <line num="57" count="0" type="cond" truecount="0" falsecount="2"/>
      <line num="58" count="0" type="stmt"/>
      <line num="60" count="0" type="stmt"/>
      <line num="64" count="1" type="stmt"/>
    </file>
    <file name="utils_io.js" path="/run/media/itsjiran/HDD 1 Terra Boys/Folder Gilang/Folder Project Karya/Project Coding/Folder Project/230928_WebscrapingBali/utils_io.js">
      <metrics statements="24" coveredstatements="19" conditionals="17" coveredconditionals="8" methods="13" coveredmethods="8"/>
      <line num="2" count="2" type="stmt"/>
      <line num="5" count="0" type="stmt"/>
      <line num="8" count="2" type="cond" truecount="1" falsecount="1"/>
      <line num="9" count="2" type="stmt"/>
      <line num="13" count="1" type="cond" truecount="1" falsecount="1"/>
      <line num="14" count="1" type="stmt"/>
      <line num="18" count="1" type="cond" truecount="1" falsecount="1"/>
      <line num="19" count="1" type="stmt"/>
      <line num="23" count="1" type="cond" truecount="1" falsecount="1"/>
      <line num="24" count="0" type="stmt"/>
      <line num="27" count="4" type="stmt"/>
      <line num="28" count="4" type="stmt"/>
      <line num="29" count="2" type="stmt"/>
      <line num="31" count="2" type="cond" truecount="1" falsecount="1"/>
      <line num="32" count="0" type="stmt"/>
      <line num="36" count="10" type="stmt"/>
      <line num="37" count="10" type="stmt"/>
      <line num="38" count="8" type="stmt"/>
      <line num="40" count="2" type="cond" truecount="1" falsecount="1"/>
      <line num="41" count="0" type="stmt"/>
      <line num="45" count="2" type="stmt"/>
      <line num="48" count="5" type="cond" truecount="1" falsecount="1"/>
      <line num="49" count="0" type="stmt"/>
      <line num="52" count="2" type="stmt"/>
    </file>
  </project>
</coverage>
