{"/run/media/itsjiran/HDD 1 Terra Boys/Folder Gilang/Folder Project Karya/Project Coding/Folder Project/230928_WebscrapingBali/scrape.js": {"path":"/run/media/itsjiran/HDD 1 Terra Boys/Folder Gilang/Folder Project Karya/Project Coding/Folder Project/230928_WebscrapingBali/scrape.js","statementMap":{"0":{"start":{"line":2,"column":14},"end":{"line":2,"column":30}},"1":{"start":{"line":8,"column":4},"end":{"line":9,"column":54}},"2":{"start":{"line":8,"column":35},"end":{"line":8,"column":61}},"3":{"start":{"line":9,"column":35},"end":{"line":9,"column":54}},"4":{"start":{"line":11,"column":4},"end":{"line":11,"column":67}},"5":{"start":{"line":11,"column":37},"end":{"line":11,"column":67}},"6":{"start":{"line":13,"column":4},"end":{"line":18,"column":5}},"7":{"start":{"line":19,"column":4},"end":{"line":23,"column":5}},"8":{"start":{"line":28,"column":4},"end":{"line":29,"column":74}},"9":{"start":{"line":28,"column":43},"end":{"line":28,"column":80}},"10":{"start":{"line":29,"column":9},"end":{"line":29,"column":74}},"11":{"start":{"line":29,"column":43},"end":{"line":29,"column":74}},"12":{"start":{"line":31,"column":17},"end":{"line":31,"column":19}},"13":{"start":{"line":33,"column":4},"end":{"line":34,"column":80}},"14":{"start":{"line":33,"column":32},"end":{"line":33,"column":65}},"15":{"start":{"line":34,"column":32},"end":{"line":34,"column":80}},"16":{"start":{"line":36,"column":4},"end":{"line":37,"column":76}},"17":{"start":{"line":36,"column":34},"end":{"line":36,"column":55}},"18":{"start":{"line":37,"column":34},"end":{"line":37,"column":76}},"19":{"start":{"line":39,"column":16},"end":{"line":42,"column":5}},"20":{"start":{"line":44,"column":4},"end":{"line":52,"column":6}},"21":{"start":{"line":46,"column":6},"end":{"line":47,"column":25}},"22":{"start":{"line":50,"column":6},"end":{"line":50,"column":39}},"23":{"start":{"line":51,"column":6},"end":{"line":51,"column":34}},"24":{"start":{"line":54,"column":4},"end":{"line":54,"column":17}},"25":{"start":{"line":57,"column":4},"end":{"line":58,"column":74}},"26":{"start":{"line":57,"column":43},"end":{"line":57,"column":80}},"27":{"start":{"line":58,"column":9},"end":{"line":58,"column":74}},"28":{"start":{"line":58,"column":43},"end":{"line":58,"column":74}},"29":{"start":{"line":60,"column":17},"end":{"line":60,"column":19}},"30":{"start":{"line":62,"column":4},"end":{"line":63,"column":77}},"31":{"start":{"line":62,"column":32},"end":{"line":62,"column":63}},"32":{"start":{"line":63,"column":32},"end":{"line":63,"column":77}},"33":{"start":{"line":65,"column":4},"end":{"line":65,"column":41}},"34":{"start":{"line":69,"column":0},"end":{"line":71,"column":1}}},"fnMap":{"0":{"name":"(anonymous_0)","decl":{"start":{"line":6,"column":2},"end":{"line":6,"column":3}},"loc":{"start":{"line":6,"column":24},"end":{"line":24,"column":3}},"line":6},"1":{"name":"(anonymous_1)","decl":{"start":{"line":27,"column":2},"end":{"line":27,"column":3}},"loc":{"start":{"line":27,"column":38},"end":{"line":55,"column":3}},"line":27},"2":{"name":"(anonymous_2)","decl":{"start":{"line":45,"column":10},"end":{"line":45,"column":11}},"loc":{"start":{"line":45,"column":15},"end":{"line":48,"column":5}},"line":45},"3":{"name":"(anonymous_3)","decl":{"start":{"line":49,"column":11},"end":{"line":49,"column":12}},"loc":{"start":{"line":49,"column":16},"end":{"line":52,"column":5}},"line":49},"4":{"name":"(anonymous_4)","decl":{"start":{"line":56,"column":2},"end":{"line":56,"column":3}},"loc":{"start":{"line":56,"column":25},"end":{"line":66,"column":3}},"line":56}},"branchMap":{"0":{"loc":{"start":{"line":6,"column":14},"end":{"line":6,"column":23}},"type":"default-arg","locations":[{"start":{"line":6,"column":21},"end":{"line":6,"column":23}}],"line":6},"1":{"loc":{"start":{"line":8,"column":4},"end":{"line":9,"column":54}},"type":"if","locations":[{"start":{"line":8,"column":4},"end":{"line":9,"column":54}},{"start":{"line":9,"column":35},"end":{"line":9,"column":54}}],"line":8},"2":{"loc":{"start":{"line":11,"column":4},"end":{"line":11,"column":67}},"type":"if","locations":[{"start":{"line":11,"column":4},"end":{"line":11,"column":67}},{"start":{},"end":{}}],"line":11},"3":{"loc":{"start":{"line":27,"column":14},"end":{"line":27,"column":20}},"type":"default-arg","locations":[{"start":{"line":27,"column":18},"end":{"line":27,"column":20}}],"line":27},"4":{"loc":{"start":{"line":27,"column":21},"end":{"line":27,"column":37}},"type":"default-arg","locations":[{"start":{"line":27,"column":32},"end":{"line":27,"column":37}}],"line":27},"5":{"loc":{"start":{"line":28,"column":4},"end":{"line":29,"column":74}},"type":"if","locations":[{"start":{"line":28,"column":4},"end":{"line":29,"column":74}},{"start":{"line":29,"column":9},"end":{"line":29,"column":74}}],"line":28},"6":{"loc":{"start":{"line":28,"column":7},"end":{"line":28,"column":41}},"type":"binary-expr","locations":[{"start":{"line":28,"column":7},"end":{"line":28,"column":27}},{"start":{"line":28,"column":31},"end":{"line":28,"column":41}}],"line":28},"7":{"loc":{"start":{"line":29,"column":9},"end":{"line":29,"column":74}},"type":"if","locations":[{"start":{"line":29,"column":9},"end":{"line":29,"column":74}},{"start":{},"end":{}}],"line":29},"8":{"loc":{"start":{"line":33,"column":4},"end":{"line":34,"column":80}},"type":"if","locations":[{"start":{"line":33,"column":4},"end":{"line":34,"column":80}},{"start":{"line":34,"column":32},"end":{"line":34,"column":80}}],"line":33},"9":{"loc":{"start":{"line":36,"column":4},"end":{"line":37,"column":76}},"type":"if","locations":[{"start":{"line":36,"column":4},"end":{"line":37,"column":76}},{"start":{"line":37,"column":34},"end":{"line":37,"column":76}}],"line":36},"10":{"loc":{"start":{"line":56,"column":18},"end":{"line":56,"column":24}},"type":"default-arg","locations":[{"start":{"line":56,"column":22},"end":{"line":56,"column":24}}],"line":56},"11":{"loc":{"start":{"line":57,"column":4},"end":{"line":58,"column":74}},"type":"if","locations":[{"start":{"line":57,"column":4},"end":{"line":58,"column":74}},{"start":{"line":58,"column":9},"end":{"line":58,"column":74}}],"line":57},"12":{"loc":{"start":{"line":57,"column":7},"end":{"line":57,"column":41}},"type":"binary-expr","locations":[{"start":{"line":57,"column":7},"end":{"line":57,"column":27}},{"start":{"line":57,"column":31},"end":{"line":57,"column":41}}],"line":57},"13":{"loc":{"start":{"line":58,"column":9},"end":{"line":58,"column":74}},"type":"if","locations":[{"start":{"line":58,"column":9},"end":{"line":58,"column":74}},{"start":{},"end":{}}],"line":58},"14":{"loc":{"start":{"line":62,"column":4},"end":{"line":63,"column":77}},"type":"if","locations":[{"start":{"line":62,"column":4},"end":{"line":63,"column":77}},{"start":{"line":63,"column":32},"end":{"line":63,"column":77}}],"line":62}},"s":{"0":1,"1":2,"2":0,"3":2,"4":2,"5":0,"6":2,"7":2,"8":2,"9":0,"10":2,"11":0,"12":2,"13":2,"14":2,"15":0,"16":2,"17":2,"18":0,"19":2,"20":2,"21":2,"22":0,"23":0,"24":2,"25":1,"26":0,"27":1,"28":0,"29":1,"30":1,"31":1,"32":0,"33":1,"34":1},"f":{"0":2,"1":2,"2":2,"3":0,"4":1},"b":{"0":[0],"1":[0,2],"2":[0,2],"3":[0],"4":[1],"5":[0,2],"6":[2,0],"7":[0,2],"8":[2,0],"9":[2,0],"10":[0],"11":[0,1],"12":[1,0],"13":[0,1],"14":[1,0]},"_coverageSchema":"1a1c01bbd47fc00a2c39e90264f33305004495a9","hash":"f7d7c4bb1fbd05419b3178bdce2d817be5a39047"}
,"/run/media/itsjiran/HDD 1 Terra Boys/Folder Gilang/Folder Project Karya/Project Coding/Folder Project/230928_WebscrapingBali/utils.io.js": {"path":"/run/media/itsjiran/HDD 1 Terra Boys/Folder Gilang/Folder Project Karya/Project Coding/Folder Project/230928_WebscrapingBali/utils.io.js","statementMap":{"0":{"start":{"line":1,"column":15},"end":{"line":1,"column":30}},"1":{"start":{"line":2,"column":11},"end":{"line":2,"column":24}},"2":{"start":{"line":5,"column":2},"end":{"line":5,"column":32}},"3":{"start":{"line":8,"column":1},"end":{"line":10,"column":3}},"4":{"start":{"line":9,"column":4},"end":{"line":9,"column":58}},"5":{"start":{"line":13,"column":1},"end":{"line":15,"column":3}},"6":{"start":{"line":14,"column":4},"end":{"line":14,"column":58}},"7":{"start":{"line":18,"column":1},"end":{"line":20,"column":3}},"8":{"start":{"line":19,"column":4},"end":{"line":19,"column":72}},"9":{"start":{"line":19,"column":59},"end":{"line":19,"column":69}},"10":{"start":{"line":23,"column":2},"end":{"line":24,"column":70}},"11":{"start":{"line":23,"column":42},"end":{"line":23,"column":79}},"12":{"start":{"line":24,"column":42},"end":{"line":24,"column":70}},"13":{"start":{"line":27,"column":2},"end":{"line":33,"column":3}},"14":{"start":{"line":28,"column":21},"end":{"line":28,"column":51}},"15":{"start":{"line":29,"column":4},"end":{"line":29,"column":16}},"16":{"start":{"line":31,"column":4},"end":{"line":32,"column":55}},"17":{"start":{"line":31,"column":29},"end":{"line":31,"column":42}},"18":{"start":{"line":32,"column":29},"end":{"line":32,"column":55}},"19":{"start":{"line":36,"column":2},"end":{"line":42,"column":3}},"20":{"start":{"line":37,"column":21},"end":{"line":37,"column":51}},"21":{"start":{"line":38,"column":4},"end":{"line":38,"column":16}},"22":{"start":{"line":40,"column":4},"end":{"line":41,"column":55}},"23":{"start":{"line":40,"column":29},"end":{"line":40,"column":42}},"24":{"start":{"line":41,"column":29},"end":{"line":41,"column":55}},"25":{"start":{"line":45,"column":2},"end":{"line":45,"column":64}},"26":{"start":{"line":45,"column":51},"end":{"line":45,"column":61}},"27":{"start":{"line":48,"column":2},"end":{"line":51,"column":3}},"28":{"start":{"line":49,"column":4},"end":{"line":50,"column":90}},"29":{"start":{"line":49,"column":73},"end":{"line":49,"column":87}},"30":{"start":{"line":50,"column":73},"end":{"line":50,"column":90}},"31":{"start":{"line":53,"column":2},"end":{"line":54,"column":57}},"32":{"start":{"line":53,"column":33},"end":{"line":53,"column":82}},"33":{"start":{"line":54,"column":33},"end":{"line":54,"column":57}},"34":{"start":{"line":57,"column":0},"end":{"line":67,"column":1}}},"fnMap":{"0":{"name":"path","decl":{"start":{"line":4,"column":9},"end":{"line":4,"column":13}},"loc":{"start":{"line":4,"column":19},"end":{"line":6,"column":1}},"line":4},"1":{"name":"deleteFile","decl":{"start":{"line":7,"column":15},"end":{"line":7,"column":25}},"loc":{"start":{"line":7,"column":31},"end":{"line":11,"column":1}},"line":7},"2":{"name":"deleteFolder","decl":{"start":{"line":12,"column":15},"end":{"line":12,"column":27}},"loc":{"start":{"line":12,"column":33},"end":{"line":16,"column":1}},"line":12},"3":{"name":"createFolder","decl":{"start":{"line":17,"column":15},"end":{"line":17,"column":27}},"loc":{"start":{"line":17,"column":33},"end":{"line":21,"column":1}},"line":17},"4":{"name":"(anonymous_4)","decl":{"start":{"line":19,"column":51},"end":{"line":19,"column":52}},"loc":{"start":{"line":19,"column":58},"end":{"line":19,"column":70}},"line":19},"5":{"name":"createFile","decl":{"start":{"line":22,"column":15},"end":{"line":22,"column":25}},"loc":{"start":{"line":22,"column":42},"end":{"line":25,"column":1}},"line":22},"6":{"name":"checkFolderExist","decl":{"start":{"line":26,"column":15},"end":{"line":26,"column":31}},"loc":{"start":{"line":26,"column":37},"end":{"line":34,"column":1}},"line":26},"7":{"name":"checkFileExist","decl":{"start":{"line":35,"column":15},"end":{"line":35,"column":29}},"loc":{"start":{"line":35,"column":35},"end":{"line":43,"column":1}},"line":35},"8":{"name":"writeFile","decl":{"start":{"line":44,"column":15},"end":{"line":44,"column":24}},"loc":{"start":{"line":44,"column":41},"end":{"line":46,"column":1}},"line":44},"9":{"name":"(anonymous_9)","decl":{"start":{"line":45,"column":43},"end":{"line":45,"column":44}},"loc":{"start":{"line":45,"column":50},"end":{"line":45,"column":62}},"line":45},"10":{"name":"readFile","decl":{"start":{"line":47,"column":15},"end":{"line":47,"column":23}},"loc":{"start":{"line":47,"column":38},"end":{"line":55,"column":1}},"line":47}},"branchMap":{"0":{"loc":{"start":{"line":8,"column":1},"end":{"line":10,"column":3}},"type":"if","locations":[{"start":{"line":8,"column":1},"end":{"line":10,"column":3}},{"start":{},"end":{}}],"line":8},"1":{"loc":{"start":{"line":13,"column":1},"end":{"line":15,"column":3}},"type":"if","locations":[{"start":{"line":13,"column":1},"end":{"line":15,"column":3}},{"start":{},"end":{}}],"line":13},"2":{"loc":{"start":{"line":18,"column":1},"end":{"line":20,"column":3}},"type":"if","locations":[{"start":{"line":18,"column":1},"end":{"line":20,"column":3}},{"start":{},"end":{}}],"line":18},"3":{"loc":{"start":{"line":22,"column":31},"end":{"line":22,"column":41}},"type":"default-arg","locations":[{"start":{"line":22,"column":39},"end":{"line":22,"column":41}}],"line":22},"4":{"loc":{"start":{"line":23,"column":2},"end":{"line":24,"column":70}},"type":"if","locations":[{"start":{"line":23,"column":2},"end":{"line":24,"column":70}},{"start":{"line":24,"column":42},"end":{"line":24,"column":70}}],"line":23},"5":{"loc":{"start":{"line":31,"column":4},"end":{"line":32,"column":55}},"type":"if","locations":[{"start":{"line":31,"column":4},"end":{"line":32,"column":55}},{"start":{"line":32,"column":29},"end":{"line":32,"column":55}}],"line":31},"6":{"loc":{"start":{"line":40,"column":4},"end":{"line":41,"column":55}},"type":"if","locations":[{"start":{"line":40,"column":4},"end":{"line":41,"column":55}},{"start":{"line":41,"column":29},"end":{"line":41,"column":55}}],"line":40},"7":{"loc":{"start":{"line":44,"column":30},"end":{"line":44,"column":40}},"type":"default-arg","locations":[{"start":{"line":44,"column":38},"end":{"line":44,"column":40}}],"line":44},"8":{"loc":{"start":{"line":48,"column":2},"end":{"line":51,"column":3}},"type":"if","locations":[{"start":{"line":48,"column":2},"end":{"line":51,"column":3}},{"start":{},"end":{}}],"line":48},"9":{"loc":{"start":{"line":49,"column":4},"end":{"line":50,"column":90}},"type":"if","locations":[{"start":{"line":49,"column":4},"end":{"line":50,"column":90}},{"start":{"line":50,"column":73},"end":{"line":50,"column":90}}],"line":49},"10":{"loc":{"start":{"line":49,"column":7},"end":{"line":49,"column":71}},"type":"binary-expr","locations":[{"start":{"line":49,"column":7},"end":{"line":49,"column":37}},{"start":{"line":49,"column":41},"end":{"line":49,"column":71}}],"line":49},"11":{"loc":{"start":{"line":53,"column":2},"end":{"line":54,"column":57}},"type":"if","locations":[{"start":{"line":53,"column":2},"end":{"line":54,"column":57}},{"start":{"line":54,"column":33},"end":{"line":54,"column":57}}],"line":53}},"s":{"0":2,"1":2,"2":0,"3":3,"4":3,"5":1,"6":1,"7":1,"8":1,"9":0,"10":1,"11":1,"12":0,"13":4,"14":4,"15":2,"16":2,"17":2,"18":0,"19":13,"20":13,"21":11,"22":2,"23":2,"24":0,"25":3,"26":0,"27":7,"28":7,"29":3,"30":4,"31":7,"32":7,"33":0,"34":2},"f":{"0":0,"1":3,"2":1,"3":1,"4":0,"5":1,"6":4,"7":13,"8":3,"9":0,"10":7},"b":{"0":[3,0],"1":[1,0],"2":[1,0],"3":[0],"4":[1,0],"5":[2,0],"6":[2,0],"7":[0],"8":[7,0],"9":[3,4],"10":[7,4],"11":[7,0]},"_coverageSchema":"1a1c01bbd47fc00a2c39e90264f33305004495a9","hash":"b16c5394b408bba20940a4f7dba288ac95b7d31f"}
}
