{"/run/media/itsjiran/HDD 1 Terra Boys/Folder Gilang/Folder Project Karya/Project Coding/Folder Project/230928_WebscrapingBali/scrape.js": {"path":"/run/media/itsjiran/HDD 1 Terra Boys/Folder Gilang/Folder Project Karya/Project Coding/Folder Project/230928_WebscrapingBali/scrape.js","statementMap":{"0":{"start":{"line":2,"column":14},"end":{"line":2,"column":30}},"1":{"start":{"line":8,"column":4},"end":{"line":9,"column":54}},"2":{"start":{"line":8,"column":35},"end":{"line":8,"column":61}},"3":{"start":{"line":9,"column":35},"end":{"line":9,"column":54}},"4":{"start":{"line":11,"column":4},"end":{"line":14,"column":5}},"5":{"start":{"line":15,"column":4},"end":{"line":19,"column":5}},"6":{"start":{"line":24,"column":4},"end":{"line":25,"column":74}},"7":{"start":{"line":24,"column":43},"end":{"line":24,"column":80}},"8":{"start":{"line":25,"column":9},"end":{"line":25,"column":74}},"9":{"start":{"line":25,"column":43},"end":{"line":25,"column":74}},"10":{"start":{"line":27,"column":17},"end":{"line":27,"column":19}},"11":{"start":{"line":29,"column":4},"end":{"line":30,"column":80}},"12":{"start":{"line":29,"column":32},"end":{"line":29,"column":65}},"13":{"start":{"line":30,"column":32},"end":{"line":30,"column":80}},"14":{"start":{"line":32,"column":4},"end":{"line":32,"column":25}},"15":{"start":{"line":34,"column":16},"end":{"line":37,"column":5}},"16":{"start":{"line":39,"column":4},"end":{"line":47,"column":6}},"17":{"start":{"line":41,"column":6},"end":{"line":42,"column":25}},"18":{"start":{"line":45,"column":6},"end":{"line":45,"column":39}},"19":{"start":{"line":46,"column":6},"end":{"line":46,"column":34}},"20":{"start":{"line":49,"column":4},"end":{"line":49,"column":17}},"21":{"start":{"line":52,"column":4},"end":{"line":53,"column":74}},"22":{"start":{"line":52,"column":43},"end":{"line":52,"column":80}},"23":{"start":{"line":53,"column":9},"end":{"line":53,"column":74}},"24":{"start":{"line":53,"column":43},"end":{"line":53,"column":74}},"25":{"start":{"line":55,"column":17},"end":{"line":55,"column":19}},"26":{"start":{"line":57,"column":4},"end":{"line":58,"column":78}},"27":{"start":{"line":57,"column":32},"end":{"line":57,"column":63}},"28":{"start":{"line":58,"column":32},"end":{"line":58,"column":78}},"29":{"start":{"line":60,"column":4},"end":{"line":60,"column":45}},"30":{"start":{"line":64,"column":0},"end":{"line":66,"column":1}}},"fnMap":{"0":{"name":"(anonymous_0)","decl":{"start":{"line":6,"column":2},"end":{"line":6,"column":3}},"loc":{"start":{"line":6,"column":24},"end":{"line":20,"column":3}},"line":6},"1":{"name":"(anonymous_1)","decl":{"start":{"line":23,"column":2},"end":{"line":23,"column":3}},"loc":{"start":{"line":23,"column":38},"end":{"line":50,"column":3}},"line":23},"2":{"name":"(anonymous_2)","decl":{"start":{"line":40,"column":10},"end":{"line":40,"column":11}},"loc":{"start":{"line":40,"column":15},"end":{"line":43,"column":5}},"line":40},"3":{"name":"(anonymous_3)","decl":{"start":{"line":44,"column":11},"end":{"line":44,"column":12}},"loc":{"start":{"line":44,"column":16},"end":{"line":47,"column":5}},"line":44},"4":{"name":"(anonymous_4)","decl":{"start":{"line":51,"column":2},"end":{"line":51,"column":3}},"loc":{"start":{"line":51,"column":25},"end":{"line":61,"column":3}},"line":51}},"branchMap":{"0":{"loc":{"start":{"line":6,"column":14},"end":{"line":6,"column":23}},"type":"default-arg","locations":[{"start":{"line":6,"column":21},"end":{"line":6,"column":23}}],"line":6},"1":{"loc":{"start":{"line":8,"column":4},"end":{"line":9,"column":54}},"type":"if","locations":[{"start":{"line":8,"column":4},"end":{"line":9,"column":54}},{"start":{"line":9,"column":35},"end":{"line":9,"column":54}}],"line":8},"2":{"loc":{"start":{"line":23,"column":14},"end":{"line":23,"column":20}},"type":"default-arg","locations":[{"start":{"line":23,"column":18},"end":{"line":23,"column":20}}],"line":23},"3":{"loc":{"start":{"line":23,"column":21},"end":{"line":23,"column":37}},"type":"default-arg","locations":[{"start":{"line":23,"column":32},"end":{"line":23,"column":37}}],"line":23},"4":{"loc":{"start":{"line":24,"column":4},"end":{"line":25,"column":74}},"type":"if","locations":[{"start":{"line":24,"column":4},"end":{"line":25,"column":74}},{"start":{"line":25,"column":9},"end":{"line":25,"column":74}}],"line":24},"5":{"loc":{"start":{"line":24,"column":7},"end":{"line":24,"column":41}},"type":"binary-expr","locations":[{"start":{"line":24,"column":7},"end":{"line":24,"column":27}},{"start":{"line":24,"column":31},"end":{"line":24,"column":41}}],"line":24},"6":{"loc":{"start":{"line":25,"column":9},"end":{"line":25,"column":74}},"type":"if","locations":[{"start":{"line":25,"column":9},"end":{"line":25,"column":74}},{"start":{},"end":{}}],"line":25},"7":{"loc":{"start":{"line":29,"column":4},"end":{"line":30,"column":80}},"type":"if","locations":[{"start":{"line":29,"column":4},"end":{"line":30,"column":80}},{"start":{"line":30,"column":32},"end":{"line":30,"column":80}}],"line":29},"8":{"loc":{"start":{"line":51,"column":18},"end":{"line":51,"column":24}},"type":"default-arg","locations":[{"start":{"line":51,"column":22},"end":{"line":51,"column":24}}],"line":51},"9":{"loc":{"start":{"line":52,"column":4},"end":{"line":53,"column":74}},"type":"if","locations":[{"start":{"line":52,"column":4},"end":{"line":53,"column":74}},{"start":{"line":53,"column":9},"end":{"line":53,"column":74}}],"line":52},"10":{"loc":{"start":{"line":52,"column":7},"end":{"line":52,"column":41}},"type":"binary-expr","locations":[{"start":{"line":52,"column":7},"end":{"line":52,"column":27}},{"start":{"line":52,"column":31},"end":{"line":52,"column":41}}],"line":52},"11":{"loc":{"start":{"line":53,"column":9},"end":{"line":53,"column":74}},"type":"if","locations":[{"start":{"line":53,"column":9},"end":{"line":53,"column":74}},{"start":{},"end":{}}],"line":53},"12":{"loc":{"start":{"line":57,"column":4},"end":{"line":58,"column":78}},"type":"if","locations":[{"start":{"line":57,"column":4},"end":{"line":58,"column":78}},{"start":{"line":58,"column":32},"end":{"line":58,"column":78}}],"line":57}},"s":{"0":1,"1":2,"2":0,"3":2,"4":2,"5":2,"6":2,"7":0,"8":2,"9":0,"10":2,"11":2,"12":2,"13":0,"14":2,"15":2,"16":2,"17":2,"18":0,"19":0,"20":2,"21":0,"22":0,"23":0,"24":0,"25":0,"26":0,"27":0,"28":0,"29":0,"30":1},"f":{"0":2,"1":2,"2":2,"3":0,"4":0},"b":{"0":[0],"1":[0,2],"2":[0],"3":[2],"4":[0,2],"5":[2,0],"6":[0,2],"7":[2,0],"8":[0],"9":[0,0],"10":[0,0],"11":[0,0],"12":[0,0]},"_coverageSchema":"1a1c01bbd47fc00a2c39e90264f33305004495a9","hash":"19072fa2a94a5353c42b128df0ae65b6336be15d"}
,"/run/media/itsjiran/HDD 1 Terra Boys/Folder Gilang/Folder Project Karya/Project Coding/Folder Project/230928_WebscrapingBali/utils_io.js": {"path":"/run/media/itsjiran/HDD 1 Terra Boys/Folder Gilang/Folder Project Karya/Project Coding/Folder Project/230928_WebscrapingBali/utils_io.js","statementMap":{"0":{"start":{"line":2,"column":11},"end":{"line":2,"column":24}},"1":{"start":{"line":5,"column":2},"end":{"line":5,"column":32}},"2":{"start":{"line":8,"column":1},"end":{"line":10,"column":3}},"3":{"start":{"line":9,"column":4},"end":{"line":9,"column":96}},"4":{"start":{"line":9,"column":67},"end":{"line":9,"column":84}},"5":{"start":{"line":9,"column":84},"end":{"line":9,"column":94}},"6":{"start":{"line":13,"column":1},"end":{"line":15,"column":3}},"7":{"start":{"line":14,"column":4},"end":{"line":14,"column":96}},"8":{"start":{"line":14,"column":67},"end":{"line":14,"column":84}},"9":{"start":{"line":14,"column":84},"end":{"line":14,"column":94}},"10":{"start":{"line":18,"column":1},"end":{"line":20,"column":3}},"11":{"start":{"line":19,"column":4},"end":{"line":19,"column":72}},"12":{"start":{"line":19,"column":59},"end":{"line":19,"column":69}},"13":{"start":{"line":23,"column":2},"end":{"line":24,"column":70}},"14":{"start":{"line":23,"column":42},"end":{"line":23,"column":79}},"15":{"start":{"line":24,"column":42},"end":{"line":24,"column":70}},"16":{"start":{"line":27,"column":2},"end":{"line":33,"column":3}},"17":{"start":{"line":28,"column":21},"end":{"line":28,"column":51}},"18":{"start":{"line":29,"column":4},"end":{"line":29,"column":16}},"19":{"start":{"line":31,"column":4},"end":{"line":32,"column":55}},"20":{"start":{"line":31,"column":29},"end":{"line":31,"column":42}},"21":{"start":{"line":32,"column":29},"end":{"line":32,"column":55}},"22":{"start":{"line":36,"column":2},"end":{"line":42,"column":3}},"23":{"start":{"line":37,"column":21},"end":{"line":37,"column":51}},"24":{"start":{"line":38,"column":4},"end":{"line":38,"column":16}},"25":{"start":{"line":40,"column":4},"end":{"line":41,"column":55}},"26":{"start":{"line":40,"column":29},"end":{"line":40,"column":42}},"27":{"start":{"line":41,"column":29},"end":{"line":41,"column":55}},"28":{"start":{"line":45,"column":2},"end":{"line":45,"column":64}},"29":{"start":{"line":45,"column":51},"end":{"line":45,"column":61}},"30":{"start":{"line":48,"column":2},"end":{"line":49,"column":57}},"31":{"start":{"line":48,"column":33},"end":{"line":48,"column":82}},"32":{"start":{"line":49,"column":33},"end":{"line":49,"column":57}},"33":{"start":{"line":52,"column":0},"end":{"line":62,"column":1}}},"fnMap":{"0":{"name":"path","decl":{"start":{"line":4,"column":9},"end":{"line":4,"column":13}},"loc":{"start":{"line":4,"column":19},"end":{"line":6,"column":1}},"line":4},"1":{"name":"deleteFile","decl":{"start":{"line":7,"column":15},"end":{"line":7,"column":25}},"loc":{"start":{"line":7,"column":31},"end":{"line":11,"column":1}},"line":7},"2":{"name":"(anonymous_2)","decl":{"start":{"line":9,"column":59},"end":{"line":9,"column":60}},"loc":{"start":{"line":9,"column":66},"end":{"line":9,"column":95}},"line":9},"3":{"name":"deleteFolder","decl":{"start":{"line":12,"column":15},"end":{"line":12,"column":27}},"loc":{"start":{"line":12,"column":33},"end":{"line":16,"column":1}},"line":12},"4":{"name":"(anonymous_4)","decl":{"start":{"line":14,"column":59},"end":{"line":14,"column":60}},"loc":{"start":{"line":14,"column":66},"end":{"line":14,"column":95}},"line":14},"5":{"name":"createFolder","decl":{"start":{"line":17,"column":15},"end":{"line":17,"column":27}},"loc":{"start":{"line":17,"column":33},"end":{"line":21,"column":1}},"line":17},"6":{"name":"(anonymous_6)","decl":{"start":{"line":19,"column":51},"end":{"line":19,"column":52}},"loc":{"start":{"line":19,"column":58},"end":{"line":19,"column":70}},"line":19},"7":{"name":"createFile","decl":{"start":{"line":22,"column":15},"end":{"line":22,"column":25}},"loc":{"start":{"line":22,"column":42},"end":{"line":25,"column":1}},"line":22},"8":{"name":"checkFolderExist","decl":{"start":{"line":26,"column":15},"end":{"line":26,"column":31}},"loc":{"start":{"line":26,"column":37},"end":{"line":34,"column":1}},"line":26},"9":{"name":"checkFileExist","decl":{"start":{"line":35,"column":15},"end":{"line":35,"column":29}},"loc":{"start":{"line":35,"column":35},"end":{"line":43,"column":1}},"line":35},"10":{"name":"writeFile","decl":{"start":{"line":44,"column":15},"end":{"line":44,"column":24}},"loc":{"start":{"line":44,"column":41},"end":{"line":46,"column":1}},"line":44},"11":{"name":"(anonymous_11)","decl":{"start":{"line":45,"column":43},"end":{"line":45,"column":44}},"loc":{"start":{"line":45,"column":50},"end":{"line":45,"column":62}},"line":45},"12":{"name":"readFile","decl":{"start":{"line":47,"column":15},"end":{"line":47,"column":23}},"loc":{"start":{"line":47,"column":45},"end":{"line":50,"column":1}},"line":47}},"branchMap":{"0":{"loc":{"start":{"line":8,"column":1},"end":{"line":10,"column":3}},"type":"if","locations":[{"start":{"line":8,"column":1},"end":{"line":10,"column":3}},{"start":{},"end":{}}],"line":8},"1":{"loc":{"start":{"line":13,"column":1},"end":{"line":15,"column":3}},"type":"if","locations":[{"start":{"line":13,"column":1},"end":{"line":15,"column":3}},{"start":{},"end":{}}],"line":13},"2":{"loc":{"start":{"line":18,"column":1},"end":{"line":20,"column":3}},"type":"if","locations":[{"start":{"line":18,"column":1},"end":{"line":20,"column":3}},{"start":{},"end":{}}],"line":18},"3":{"loc":{"start":{"line":22,"column":31},"end":{"line":22,"column":41}},"type":"default-arg","locations":[{"start":{"line":22,"column":39},"end":{"line":22,"column":41}}],"line":22},"4":{"loc":{"start":{"line":23,"column":2},"end":{"line":24,"column":70}},"type":"if","locations":[{"start":{"line":23,"column":2},"end":{"line":24,"column":70}},{"start":{"line":24,"column":42},"end":{"line":24,"column":70}}],"line":23},"5":{"loc":{"start":{"line":31,"column":4},"end":{"line":32,"column":55}},"type":"if","locations":[{"start":{"line":31,"column":4},"end":{"line":32,"column":55}},{"start":{"line":32,"column":29},"end":{"line":32,"column":55}}],"line":31},"6":{"loc":{"start":{"line":40,"column":4},"end":{"line":41,"column":55}},"type":"if","locations":[{"start":{"line":40,"column":4},"end":{"line":41,"column":55}},{"start":{"line":41,"column":29},"end":{"line":41,"column":55}}],"line":40},"7":{"loc":{"start":{"line":44,"column":30},"end":{"line":44,"column":40}},"type":"default-arg","locations":[{"start":{"line":44,"column":38},"end":{"line":44,"column":40}}],"line":44},"8":{"loc":{"start":{"line":47,"column":29},"end":{"line":47,"column":44}},"type":"default-arg","locations":[{"start":{"line":47,"column":38},"end":{"line":47,"column":44}}],"line":47},"9":{"loc":{"start":{"line":48,"column":2},"end":{"line":49,"column":57}},"type":"if","locations":[{"start":{"line":48,"column":2},"end":{"line":49,"column":57}},{"start":{"line":49,"column":33},"end":{"line":49,"column":57}}],"line":48}},"s":{"0":2,"1":0,"2":2,"3":2,"4":0,"5":0,"6":1,"7":1,"8":0,"9":0,"10":1,"11":1,"12":0,"13":1,"14":1,"15":0,"16":4,"17":4,"18":2,"19":2,"20":2,"21":0,"22":10,"23":10,"24":8,"25":2,"26":2,"27":0,"28":2,"29":0,"30":5,"31":5,"32":0,"33":2},"f":{"0":0,"1":2,"2":0,"3":1,"4":0,"5":1,"6":0,"7":1,"8":4,"9":10,"10":2,"11":0,"12":5},"b":{"0":[2,0],"1":[1,0],"2":[1,0],"3":[0],"4":[1,0],"5":[2,0],"6":[2,0],"7":[0],"8":[5],"9":[5,0]},"_coverageSchema":"1a1c01bbd47fc00a2c39e90264f33305004495a9","hash":"8c51f608c12fdf14ef2442a4e3851cbd958978c0"}
}
