TN:
SF:scrape.js
FN:6,(anonymous_0)
FN:27,(anonymous_1)
FN:45,(anonymous_2)
FN:49,(anonymous_3)
FN:56,(anonymous_4)
FNF:5
FNH:4
FNDA:2,(anonymous_0)
FNDA:2,(anonymous_1)
FNDA:2,(anonymous_2)
FNDA:0,(anonymous_3)
FNDA:1,(anonymous_4)
DA:2,1
DA:8,2
DA:9,2
DA:11,2
DA:13,2
DA:19,2
DA:28,2
DA:29,2
DA:31,2
DA:33,2
DA:34,0
DA:36,2
DA:37,0
DA:39,2
DA:44,2
DA:46,2
DA:50,0
DA:51,0
DA:54,2
DA:57,1
DA:58,1
DA:60,1
DA:62,1
DA:63,0
DA:65,1
DA:69,1
LF:26
LH:21
BRDA:6,0,0,0
BRDA:8,1,0,0
BRDA:8,1,1,2
BRDA:11,2,0,0
BRDA:11,2,1,2
BRDA:27,3,0,0
BRDA:27,4,0,1
BRDA:28,5,0,0
BRDA:28,5,1,2
BRDA:28,6,0,2
BRDA:28,6,1,0
BRDA:29,7,0,0
BRDA:29,7,1,2
BRDA:33,8,0,2
BRDA:33,8,1,0
BRDA:36,9,0,2
BRDA:36,9,1,0
BRDA:56,10,0,0
BRDA:57,11,0,0
BRDA:57,11,1,1
BRDA:57,12,0,1
BRDA:57,12,1,0
BRDA:58,13,0,0
BRDA:58,13,1,1
BRDA:62,14,0,1
BRDA:62,14,1,0
BRF:26
BRH:12
end_of_record
TN:
SF:utils.io.js
FN:4,path
FN:7,deleteFile
FN:12,deleteFolder
FN:17,createFolder
FN:19,(anonymous_4)
FN:22,createFile
FN:26,checkFolderExist
FN:35,checkFileExist
FN:44,writeFile
FN:45,(anonymous_9)
FN:47,readFile
FNF:11
FNH:8
FNDA:0,path
FNDA:3,deleteFile
FNDA:1,deleteFolder
FNDA:1,createFolder
FNDA:0,(anonymous_4)
FNDA:1,createFile
FNDA:4,checkFolderExist
FNDA:13,checkFileExist
FNDA:3,writeFile
FNDA:0,(anonymous_9)
FNDA:7,readFile
DA:1,2
DA:2,2
DA:5,0
DA:8,3
DA:9,3
DA:13,1
DA:14,1
DA:18,1
DA:19,1
DA:23,1
DA:24,0
DA:27,4
DA:28,4
DA:29,2
DA:31,2
DA:32,0
DA:36,13
DA:37,13
DA:38,11
DA:40,2
DA:41,0
DA:45,3
DA:48,7
DA:49,7
DA:50,4
DA:53,7
DA:54,0
DA:57,2
LF:28
LH:23
BRDA:8,0,0,3
BRDA:8,0,1,0
BRDA:13,1,0,1
BRDA:13,1,1,0
BRDA:18,2,0,1
BRDA:18,2,1,0
BRDA:22,3,0,0
BRDA:23,4,0,1
BRDA:23,4,1,0
BRDA:31,5,0,2
BRDA:31,5,1,0
BRDA:40,6,0,2
BRDA:40,6,1,0
BRDA:44,7,0,0
BRDA:48,8,0,7
BRDA:48,8,1,0
BRDA:49,9,0,3
BRDA:49,9,1,4
BRDA:49,10,0,7
BRDA:49,10,1,4
BRDA:53,11,0,7
BRDA:53,11,1,0
BRF:22
BRH:12
end_of_record
