TN:
SF:utils_io.js
FN:4,path
FN:7,deleteFile
FN:9,(anonymous_2)
FN:12,deleteFolder
FN:14,(anonymous_4)
FN:17,createFolder
FN:19,(anonymous_6)
FN:22,createFile
FN:26,checkFolderExist
FN:36,checkFileExist
FN:46,writeFile
FN:47,(anonymous_11)
FNF:12
FNH:7
FNDA:0,path
FNDA:1,deleteFile
FNDA:0,(anonymous_2)
FNDA:1,deleteFolder
FNDA:0,(anonymous_4)
FNDA:1,createFolder
FNDA:0,(anonymous_6)
FNDA:1,createFile
FNDA:4,checkFolderExist
FNDA:4,checkFileExist
FNDA:1,writeFile
FNDA:0,(anonymous_11)
DA:2,1
DA:5,0
DA:8,1
DA:9,1
DA:13,1
DA:14,1
DA:18,1
DA:19,1
DA:23,1
DA:24,0
DA:27,4
DA:28,4
DA:29,2
DA:30,2
DA:32,2
DA:33,0
DA:37,4
DA:38,4
DA:39,2
DA:40,2
DA:42,2
DA:43,0
DA:47,1
DA:50,1
LF:24
LH:20
BRDA:8,0,0,1
BRDA:8,0,1,0
BRDA:13,1,0,1
BRDA:13,1,1,0
BRDA:18,2,0,1
BRDA:18,2,1,0
BRDA:22,3,0,0
BRDA:23,4,0,1
BRDA:23,4,1,0
BRDA:32,5,0,2
BRDA:32,5,1,0
BRDA:42,6,0,2
BRDA:42,6,1,0
BRDA:46,7,0,0
BRF:14
BRH:6
end_of_record
